[10/Nov/2020:19:59:56] (I): WordPress Instance Info:
[10/Nov/2020:19:59:56] (I): Home URL : http://localhost/wordpress
[10/Nov/2020:19:59:56] (I): Site URL : http://localhost/wordpress
[10/Nov/2020:19:59:56] (I): WordPress Version : 5.5.3
[10/Nov/2020:19:59:56] (I): Onboarding Version : 1.0.11
[10/Nov/2020:19:59:56] (I): Multisite : No
[10/Nov/2020:19:59:56] (I): Server Info : Apache/2.4.46 (Win64) OpenSSL/1.1.1g PHP/7.2.34
[10/Nov/2020:19:59:56] (I): PHP Version : 7.2.34
[10/Nov/2020:19:59:56] (I): HTTPS : No
[10/Nov/2020:19:59:56] (I): PHP Max Execution Time : 120
[10/Nov/2020:19:59:56] (I): PHP Max Input Vars : 1000
[10/Nov/2020:19:59:56] (I): Max Upload Size : 41943040
[10/Nov/2020:19:59:56] (I): Plugins:
[10/Nov/2020:19:59:56] (I): [PLUGIN] Gutenberg Blocks and Template Library by Otter : v1.5.8 (ThemeIsle)
[10/Nov/2020:19:59:56] (I): [PLUGIN] Templates Patterns Collection : v1.0.11 (ThemeIsle)
[10/Nov/2020:19:59:56] (P): Saving remote XML
[10/Nov/2020:19:59:57] (S): Saved remote XML at path C:\xampp\htdocs\wordpress/wp-content/uploads/themeisle-demo-import.xml.
[10/Nov/2020:19:59:57] (P): Starting content import...
[10/Nov/2020:19:59:57] (S): Import started.
[10/Nov/2020:19:59:57] (S): Parsing XML file.
[10/Nov/2020:19:59:57] (P): Starting parsing file:C:\xampp\htdocs\wordpress/wp-content/uploads/themeisle-demo-import.xml
[10/Nov/2020:19:59:57] (P): Using WXR_Parser_SimpleXML...
[10/Nov/2020:19:59:57] (S): Parsed XML
[10/Nov/2020:19:59:57] (P): Processing categories...
[10/Nov/2020:19:59:57] (S): Processed categories.
[10/Nov/2020:19:59:57] (P): Processing tags...
[10/Nov/2020:19:59:57] (S): No tags to process.
[10/Nov/2020:19:59:57] (P): Processing terms...
[10/Nov/2020:19:59:57] (S): Processed terms.
[10/Nov/2020:19:59:57] (P): Processing posts...
[10/Nov/2020:19:59:57] (P): Processing single menu item ' '...
[10/Nov/2020:19:59:57] (P): Processing attachment: https://s33834.pcdn.co/web-agency-gb/wp-content/uploads/sites/422/2020/01/neve-webdesign-GB-01.png...
[10/Nov/2020:19:59:57] (P): Fetching attachment from url: https://s33834.pcdn.co/web-agency-gb/wp-content/uploads/sites/422/2020/01/neve-webdesign-GB-01.png...
[10/Nov/2020:19:59:57] (S): Fetched remote attachment.
[10/Nov/2020:19:59:57] (P): Inserting attachment...
[10/Nov/2020:19:59:57] (S): Attachment inserted
[10/Nov/2020:19:59:57] (S): Processed attachment.
[10/Nov/2020:19:59:57] (P): Processing attachment: https://s33834.pcdn.co/web-agency-gb/wp-content/uploads/sites/422/2020/01/neve-webdesign-GB-03.png...
[10/Nov/2020:19:59:57] (P): Fetching attachment from url: https://s33834.pcdn.co/web-agency-gb/wp-content/uploads/sites/422/2020/01/neve-webdesign-GB-03.png...
[10/Nov/2020:19:59:57] (S): Fetched remote attachment.
[10/Nov/2020:19:59:57] (P): Inserting attachment...
[10/Nov/2020:19:59:57] (S): Attachment inserted
[10/Nov/2020:19:59:57] (S): Processed attachment.
[10/Nov/2020:19:59:57] (P): Processing attachment: https://s33834.pcdn.co/web-agency-gb/wp-content/uploads/sites/422/2020/01/neve-webdesign-GB-04.png...
[10/Nov/2020:19:59:57] (P): Fetching attachment from url: https://s33834.pcdn.co/web-agency-gb/wp-content/uploads/sites/422/2020/01/neve-webdesign-GB-04.png...
[10/Nov/2020:19:59:58] (S): Fetched remote attachment.
[10/Nov/2020:19:59:58] (P): Inserting attachment...
[10/Nov/2020:19:59:58] (S): Attachment inserted
[10/Nov/2020:19:59:58] (S): Processed attachment.
[10/Nov/2020:19:59:58] (P): Processing attachment: https://s33834.pcdn.co/web-agency-gb/wp-content/uploads/sites/422/2020/01/neve-web-design-bg-05.jpg...
[10/Nov/2020:19:59:58] (P): Fetching attachment from url: https://s33834.pcdn.co/web-agency-gb/wp-content/uploads/sites/422/2020/01/neve-web-design-bg-05.jpg...
[10/Nov/2020:19:59:58] (S): Fetched remote attachment.
[10/Nov/2020:19:59:58] (P): Inserting attachment...
[10/Nov/2020:19:59:58] (S): Attachment inserted
[10/Nov/2020:19:59:58] (S): Processed attachment.
[10/Nov/2020:19:59:58] (P): Processing attachment: https://s33834.pcdn.co/web-agency-gb/wp-content/uploads/sites/422/2020/01/neve-web-design-bg-06.jpg...
[10/Nov/2020:19:59:58] (P): Fetching attachment from url: https://s33834.pcdn.co/web-agency-gb/wp-content/uploads/sites/422/2020/01/neve-web-design-bg-06.jpg...
[10/Nov/2020:19:59:58] (S): Fetched remote attachment.
[10/Nov/2020:19:59:58] (P): Inserting attachment...
[10/Nov/2020:19:59:58] (S): Attachment inserted
[10/Nov/2020:19:59:58] (S): Processed attachment.
[10/Nov/2020:19:59:58] (P): Processing attachment: https://s33834.pcdn.co/web-agency-gb/wp-content/uploads/sites/422/2020/01/neve-web-design-bg-07.jpg...
[10/Nov/2020:19:59:58] (P): Fetching attachment from url: https://s33834.pcdn.co/web-agency-gb/wp-content/uploads/sites/422/2020/01/neve-web-design-bg-07.jpg...
[10/Nov/2020:19:59:59] (S): Fetched remote attachment.
[10/Nov/2020:19:59:59] (P): Inserting attachment...
[10/Nov/2020:19:59:59] (S): Attachment inserted
[10/Nov/2020:19:59:59] (S): Processed attachment.
[10/Nov/2020:19:59:59] (P): Processing attachment: https://s33834.pcdn.co/web-agency-gb/wp-content/uploads/sites/422/2020/01/neve-web-design-bg-08.jpg...
[10/Nov/2020:19:59:59] (P): Fetching attachment from url: https://s33834.pcdn.co/web-agency-gb/wp-content/uploads/sites/422/2020/01/neve-web-design-bg-08.jpg...
[10/Nov/2020:19:59:59] (S): Fetched remote attachment.
[10/Nov/2020:19:59:59] (P): Inserting attachment...
[10/Nov/2020:19:59:59] (S): Attachment inserted
[10/Nov/2020:19:59:59] (S): Processed attachment.
[10/Nov/2020:19:59:59] (P): Processing attachment: https://s33834.pcdn.co/web-agency-gb/wp-content/uploads/sites/422/2020/01/neve-web-design-bg-09.jpg...
[10/Nov/2020:19:59:59] (P): Fetching attachment from url: https://s33834.pcdn.co/web-agency-gb/wp-content/uploads/sites/422/2020/01/neve-web-design-bg-09.jpg...
[10/Nov/2020:20:00:00] (S): Fetched remote attachment.
[10/Nov/2020:20:00:00] (P): Inserting attachment...
[10/Nov/2020:20:00:00] (S): Attachment inserted
[10/Nov/2020:20:00:00] (S): Processed attachment.
[10/Nov/2020:20:00:00] (P): Processing attachment: https://s33834.pcdn.co/web-agency-gb/wp-content/uploads/sites/422/2020/01/neve-web-design-bg-10.jpg...
[10/Nov/2020:20:00:00] (P): Fetching attachment from url: https://s33834.pcdn.co/web-agency-gb/wp-content/uploads/sites/422/2020/01/neve-web-design-bg-10.jpg...
[10/Nov/2020:20:00:00] (S): Fetched remote attachment.
[10/Nov/2020:20:00:00] (P): Inserting attachment...
[10/Nov/2020:20:00:00] (S): Attachment inserted
[10/Nov/2020:20:00:00] (S): Processed attachment.
[10/Nov/2020:20:00:00] (P): Processing attachment: https://s33834.pcdn.co/web-agency-gb/wp-content/uploads/sites/422/2020/01/neve-web-design-bg-11.jpg...
[10/Nov/2020:20:00:00] (P): Fetching attachment from url: https://s33834.pcdn.co/web-agency-gb/wp-content/uploads/sites/422/2020/01/neve-web-design-bg-11.jpg...
[10/Nov/2020:20:00:00] (S): Fetched remote attachment.
[10/Nov/2020:20:00:00] (P): Inserting attachment...
[10/Nov/2020:20:00:00] (S): Attachment inserted
[10/Nov/2020:20:00:00] (S): Processed attachment.
[10/Nov/2020:20:00:00] (P): Processing attachment: https://s33834.pcdn.co/web-agency-gb/wp-content/uploads/sites/422/2020/01/neve-web-design-bg-12.jpg...
[10/Nov/2020:20:00:00] (P): Fetching attachment from url: https://s33834.pcdn.co/web-agency-gb/wp-content/uploads/sites/422/2020/01/neve-web-design-bg-12.jpg...
[10/Nov/2020:20:00:01] (S): Fetched remote attachment.
[10/Nov/2020:20:00:01] (P): Inserting attachment...
[10/Nov/2020:20:00:01] (S): Attachment inserted
[10/Nov/2020:20:00:01] (S): Processed attachment.
[10/Nov/2020:20:00:01] (P): Processing attachment: https://s33834.pcdn.co/web-agency-gb/wp-content/uploads/sites/422/2020/01/neve-web-design-bg-13.jpg...
[10/Nov/2020:20:00:01] (P): Fetching attachment from url: https://s33834.pcdn.co/web-agency-gb/wp-content/uploads/sites/422/2020/01/neve-web-design-bg-13.jpg...
[10/Nov/2020:20:00:01] (S): Fetched remote attachment.
[10/Nov/2020:20:00:01] (P): Inserting attachment...
[10/Nov/2020:20:00:01] (S): Attachment inserted
[10/Nov/2020:20:00:01] (S): Processed attachment.
[10/Nov/2020:20:00:01] (P): Processing attachment: https://s33834.pcdn.co/web-agency-gb/wp-content/uploads/sites/422/2020/01/neve-web-design-bg-14.jpg...
[10/Nov/2020:20:00:01] (P): Fetching attachment from url: https://s33834.pcdn.co/web-agency-gb/wp-content/uploads/sites/422/2020/01/neve-web-design-bg-14.jpg...
[10/Nov/2020:20:00:01] (S): Fetched remote attachment.
[10/Nov/2020:20:00:01] (P): Inserting attachment...
[10/Nov/2020:20:00:01] (S): Attachment inserted
[10/Nov/2020:20:00:01] (S): Processed attachment.
[10/Nov/2020:20:00:01] (P): Processing attachment: https://s33834.pcdn.co/web-agency-gb/wp-content/uploads/sites/422/2020/01/neve-web-design-bg-15.jpg...
[10/Nov/2020:20:00:01] (P): Fetching attachment from url: https://s33834.pcdn.co/web-agency-gb/wp-content/uploads/sites/422/2020/01/neve-web-design-bg-15.jpg...
[10/Nov/2020:20:00:02] (S): Fetched remote attachment.
[10/Nov/2020:20:00:02] (P): Inserting attachment...
[10/Nov/2020:20:00:02] (S): Attachment inserted
[10/Nov/2020:20:00:02] (S): Processed attachment.
[10/Nov/2020:20:00:02] (P): Processing attachment: https://s33834.pcdn.co/web-agency-gb/wp-content/uploads/sites/422/2020/06/web-agency-logo-2.png...
[10/Nov/2020:20:00:02] (P): Fetching attachment from url: https://s33834.pcdn.co/web-agency-gb/wp-content/uploads/sites/422/2020/06/web-agency-logo-2.png...
[10/Nov/2020:20:00:02] (S): Fetched remote attachment.
[10/Nov/2020:20:00:02] (P): Inserting attachment...
[10/Nov/2020:20:00:02] (S): Attachment inserted
[10/Nov/2020:20:00:02] (S): Processed attachment.
[10/Nov/2020:20:00:02] (P): Processing attachment: https://s33834.pcdn.co/web-agency-gb/wp-content/uploads/sites/422/2020/06/web-agency-icon.png...
[10/Nov/2020:20:00:02] (P): Fetching attachment from url: https://s33834.pcdn.co/web-agency-gb/wp-content/uploads/sites/422/2020/06/web-agency-icon.png...
[10/Nov/2020:20:00:02] (S): Fetched remote attachment.
[10/Nov/2020:20:00:02] (P): Inserting attachment...
[10/Nov/2020:20:00:02] (S): Attachment inserted
[10/Nov/2020:20:00:02] (S): Processed attachment.
[10/Nov/2020:20:00:02] (P): Processing attachment: https://s33834.pcdn.co/web-agency-gb/wp-content/uploads/sites/422/2020/06/cropped-web-agency-logo-2.png...
[10/Nov/2020:20:00:02] (P): Fetching attachment from url: https://s33834.pcdn.co/web-agency-gb/wp-content/uploads/sites/422/2020/06/cropped-web-agency-logo-2.png...
[10/Nov/2020:20:00:03] (S): Fetched remote attachment.
[10/Nov/2020:20:00:03] (P): Inserting attachment...
[10/Nov/2020:20:00:03] (S): Attachment inserted
[10/Nov/2020:20:00:03] (S): Processed attachment.
[10/Nov/2020:20:00:03] (P): Processing attachment: https://s33834.pcdn.co/web-agency-gb/wp-content/uploads/sites/422/2020/06/cropped-web-agency-icon.png...
[10/Nov/2020:20:00:03] (P): Fetching attachment from url: https://s33834.pcdn.co/web-agency-gb/wp-content/uploads/sites/422/2020/06/cropped-web-agency-icon.png...
[10/Nov/2020:20:00:03] (S): Fetched remote attachment.
[10/Nov/2020:20:00:03] (P): Inserting attachment...
[10/Nov/2020:20:00:03] (S): Attachment inserted
[10/Nov/2020:20:00:03] (S): Processed attachment.
[10/Nov/2020:20:00:03] (P): Processing attachment: https://s33834.pcdn.co/web-agency-gb/wp-content/uploads/sites/422/2020/07/web-design-studio-01.jpg.jpg...
[10/Nov/2020:20:00:03] (P): Fetching attachment from url: https://s33834.pcdn.co/web-agency-gb/wp-content/uploads/sites/422/2020/07/web-design-studio-01.jpg.jpg...
[10/Nov/2020:20:00:03] (S): Fetched remote attachment.
[10/Nov/2020:20:00:03] (P): Inserting attachment...
[10/Nov/2020:20:00:03] (S): Attachment inserted
[10/Nov/2020:20:00:03] (S): Processed attachment.
[10/Nov/2020:20:00:03] (P): Inserting post: 5 UX Principles for Creating a Great Website .
[10/Nov/2020:20:00:03] (S): Done inserting post: 5 UX Principles for Creating a Great Website .
[10/Nov/2020:20:00:03] (P): Inserting page: News .
[10/Nov/2020:20:00:03] (S): Done inserting page: News .
[10/Nov/2020:20:00:03] (P): Inserting page: Home .
[10/Nov/2020:20:00:03] (S): Done inserting page: Home .
[10/Nov/2020:20:00:03] (P): Processing single menu item ' '...
[10/Nov/2020:20:00:03] (S): Processed single menu item.
[10/Nov/2020:20:00:03] (P): Inserting post: Web Design Trends for 2020 .
[10/Nov/2020:20:00:03] (S): Done inserting post: Web Design Trends for 2020 .
[10/Nov/2020:20:00:04] (P): Inserting post: A Simple Guide to Design Thinking .
[10/Nov/2020:20:00:04] (S): Done inserting post: A Simple Guide to Design Thinking .
[10/Nov/2020:20:00:04] (P): Inserting wp_block: 3 column section .
[10/Nov/2020:20:00:04] (S): Done inserting wp_block: 3 column section .
[10/Nov/2020:20:00:04] (P): Inserting page: About Us .
[10/Nov/2020:20:00:04] (S): Done inserting page: About Us .
[10/Nov/2020:20:00:04] (P): Processing single menu item ' '...
[10/Nov/2020:20:00:04] (S): Processed single menu item.
[10/Nov/2020:20:00:04] (P): Inserting page: Portfolio .
[10/Nov/2020:20:00:04] (S): Done inserting page: Portfolio .
[10/Nov/2020:20:00:04] (P): Inserting page: Portfolio Single .
[10/Nov/2020:20:00:04] (S): Done inserting page: Portfolio Single .
[10/Nov/2020:20:00:04] (P): Processing single menu item ' '...
[10/Nov/2020:20:00:04] (S): Processed single menu item.
[10/Nov/2020:20:00:04] (P): Processing single menu item ' '...
[10/Nov/2020:20:00:04] (S): Processed single menu item.
[10/Nov/2020:20:00:04] (P): Inserting page: Contact Us .
[10/Nov/2020:20:00:04] (S): Done inserting page: Contact Us .
[10/Nov/2020:20:00:04] (P): Processing single menu item ' '...
[10/Nov/2020:20:00:04] (S): Processed single menu item.
[10/Nov/2020:20:00:04] (P): Inserting wp_block: Team Social Icons .
[10/Nov/2020:20:00:04] (S): Done inserting wp_block: Team Social Icons .
[10/Nov/2020:20:00:04] (S): Processed posts.
[10/Nov/2020:20:00:04] (P): Processing single menu item ' '...
[10/Nov/2020:20:00:04] (S): Processed single menu item.
[10/Nov/2020:20:00:04] (P): Cleaning up import with id ...
[10/Nov/2020:20:00:04] (P): Done cleanup. Flushing cache...
[10/Nov/2020:20:00:04] (P): Flushed cache. Removing temporary data..
[10/Nov/2020:20:00:04] (S): Done importing
[10/Nov/2020:20:00:04] (P): Busting elementor cache
[10/Nov/2020:20:00:04] (S): Front page set up with id: 112.
